<?xml version="1.0" encoding="UTF-8"?>
<testsuite xmlns:xsi="http://www.w3.org/2001/XMLSchema-instance" xsi:noNamespaceSchemaLocation="https://maven.apache.org/surefire/maven-surefire-plugin/xsd/surefire-test-report.xsd" name="microservicepatienthistory.controllers.PatientHistoryControllerTest" time="10.445" tests="6" errors="0" skipped="0" failures="0">
  <properties>
[...]
</properties>
  <testcase name="givenAnUrl_ReturnAPageWithAllPatientHistories" classname="microservicepatienthistory.controllers.PatientHistoryControllerTest" time="1.866"/>
  <testcase name="givenNewInformationToAPatientHistory_UpdateItIntoTheDatabase_ReturnAPageWithAllPatientHistories" classname="microservicepatienthistory.controllers.PatientHistoryControllerTest" time="0.282"/>
  <testcase name="givenAPatientHistory_AddItToDatabase_ReturnAPageWithAllPatientHistories" classname="microservicepatienthistory.controllers.PatientHistoryControllerTest" time="0.068"/>
  <testcase name="givenAnId_DeleteAPatientHistoryInTheDatabase_ReturnAPageWithAllPatientHistories" classname="microservicepatienthistory.controllers.PatientHistoryControllerTest" time="0.055"/>
  <testcase name="givenAnUrl_ReturnAPageToAddANewPatientHistory" classname="microservicepatienthistory.controllers.PatientHistoryControllerTest" time="0.053"/>
  <testcase name="givenAnId_ReturnPathToAPageWithASpecificPatientHistory" classname="microservicepatienthistory.controllers.PatientHistoryControllerTest" time="0.032"/>
</testsuite>